
[08:56:38] 수집 기간: 2026-04-01 ~ 2026-04-09
[08:56:38] 총 1개 구간
[08:56:40] [1/1] 20260401 ~ 20260409
[08:57:31]   [2389/3936] R26BK01436211-000 → [저장] 2026/04/07 | 기초:29,886,000 | 예정:29,914,975 | 07
[08:57:47]   [2390/3936] R26BK01436201-000 → 스킵(보기버튼없음)
[08:58:03]   [2391/3936] R26BK01436194-000 → 스킵(보기버튼없음)
[08:58:12]   [2392/3936] R26BK01436177-000 → 스킵(보기버튼없음)
[08:58:27]   [2393/3936] R26BK01436169-000 → 스킵(보기버튼없음)
[08:58:42]   [2394/3936] R26BK01436165-000 → 스킵(보기버튼없음)
[08:58:57]   [2395/3936] R26BK01436163-000 → 스킵(보기버튼없음)
[08:59:12]   [2396/3936] R26BK01436160-000 → 스킵(보기버튼없음)
[08:59:35]   [2397/3936] R26BK01436137-000 → 에러(HTTPConnectionPool(host='localhost', port=62985): Max retries exceeded with url: /session/dae9336dbe3520024db7c789c6d8c646/se/log (Caused by NewConnectionError("HTTPConnection(host='localhost', port=62985): Failed to establish a new connection: [WinError 10061] 대상 컴퓨터에서 연결을 거부했으므로 연결하지 못했습니다")))
[09:00:56]   [2398/3936] R26BK01436134-000 → [저장] 2026/04/07 | 기초:25,670,000 | 예정:25,567,575 | 07
[09:01:05]   [2399/3936] R26BK01436132-000 → 스킵(보기버튼없음)
[09:01:20]   [2400/3936] R26BK01436119-000 → 스킵(보기버튼없음)
[09:01:29]   [2401/3936] R26BK01436112-000 → 스킵(보기버튼없음)
[09:01:44]   [2402/3936] R26BK01436103-000 → 스킵(보기버튼없음)
[09:02:00]   [2403/3936] R26BK01436094-000 → 스킵(보기버튼없음)
[09:02:15]   [2404/3936] R26BK01436085-000 → 스킵(보기버튼없음)
[09:02:24]   [2405/3936] R26BK01436084-000 → 스킵(보기버튼없음)
[09:02:39]   [2406/3936] R26BK01436081-000 → 스킵(보기버튼없음)
[09:02:48]   [2407/3936] R26BK01436079-000 → 스킵(보기버튼없음)
[09:03:04]   [2408/3936] R26BK01436075-000 → 스킵(보기버튼없음)
[09:03:19]   [2409/3936] R26BK01436071-000 → 스킵(보기버튼없음)
[09:03:34]   [2410/3936] R26BK01436065-000 → 스킵(보기버튼없음)
[09:03:50]   [2411/3936] R26BK01436063-000 → 스킵(보기버튼없음)
[09:04:05]   [2412/3936] R26BK01436054-000 → 스킵(보기버튼없음)
[09:04:13]   [2413/3936] R26BK01436027-000 → 스킵(보기버튼없음)
[09:04:29]   [2414/3936] R26BK01436022-000 → 스킵(보기버튼없음)
[09:04:44]   [2415/3936] R26BK01436017-000 → 스킵(보기버튼없음)
[09:04:59]   [2416/3936] R26BK01436010-000 → 스킵(보기버튼없음)
[09:05:14]   [2417/3936] R26BK01436009-000 → 스킵(보기버튼없음)
[09:05:29]   [2418/3936] R26BK01436007-000 → 스킵(보기버튼없음)
[09:05:44]   [2419/3936] R26BK01436001-000 → 스킵(보기버튼없음)
[09:05:59]   [2420/3936] R26BK01435990-000 → 스킵(보기버튼없음)
[09:06:13]   [2421/3936] R26BK01435984-000 → 스킵(보기버튼없음)
[09:06:28]   [2422/3936] R26BK01435977-000 → 스킵(보기버튼없음)
[09:06:43]   [2423/3936] R26BK01435971-000 → 스킵(보기버튼없음)
[09:06:58]   [2424/3936] R26BK01435957-000 → 스킵(보기버튼없음)
[09:07:13]   [2425/3936] R26BK01435955-000 → 스킵(보기버튼없음)
[09:07:28]   [2426/3936] R26BK01435948-000 → 스킵(보기버튼없음)
[09:07:43]   [2427/3936] R26BK01435947-000 → 스킵(보기버튼없음)
[09:07:58]   [2428/3936] R26BK01435946-000 → 스킵(보기버튼없음)
[09:08:13]   [2429/3936] R26BK01435945-000 → 스킵(보기버튼없음)
[09:08:28]   [2430/3936] R26BK01435943-000 → 스킵(보기버튼없음)
[09:08:42]   [2431/3936] R26BK01435940-000 → 스킵(보기버튼없음)
[09:08:57]   [2432/3936] R26BK01435909-000 → 스킵(보기버튼없음)
[09:09:12]   [2433/3936] R26BK01435898-000 → 스킵(보기버튼없음)
[09:09:29]   [2434/3936] R26BK01435897-000 → 스킵(보기버튼없음)
[09:09:45]   [2435/3936] R26BK01435893-000 → 스킵(보기버튼없음)
[09:10:00]   [2436/3936] R26BK01435889-000 → 스킵(보기버튼없음)
[09:10:15]   [2437/3936] R26BK01435882-000 → 스킵(보기버튼없음)
[09:10:25]   [2438/3936] R26BK01435876-000 → 스킵(보기버튼없음)
[09:10:39]   [2439/3936] R26BK01435868-000 → 스킵(보기버튼없음)
[09:10:55]   [2440/3936] R26BK01435865-000 → 스킵(보기버튼없음)
[09:11:09]   [2441/3936] R26BK01435852-000 → 스킵(보기버튼없음)
[09:11:24]   [2442/3936] R26BK01435847-000 → 스킵(보기버튼없음)
[09:11:39]   [2443/3936] R26BK01435843-000 → 스킵(보기버튼없음)
[09:11:54]   [2444/3936] R26BK01435842-000 → 스킵(보기버튼없음)
[09:12:09]   [2445/3936] R26BK01435840-000 → 스킵(보기버튼없음)
[09:12:24]   [2446/3936] R26BK01435821-000 → 스킵(보기버튼없음)
[09:12:39]   [2447/3936] R26BK01435795-000 → 스킵(보기버튼없음)
[09:13:48]   [2448/3936] R26BK01435792-000 → 스킵(보기버튼없음)
[09:13:48]   [2449/3936] R26BK01435781-000 → 에러(Message: invalid session id
Stacktrace:
	chromedriver!GetHandleVerifier [0x10acdf3+10b03]
	chromedriver!GetHandleVerifier [0x10acf24+10c34]
	chromedriver!(No symbol) [0xe91f5e]
	chromedriver!(No symbol) [0xecf4b7]
	chromedriver!(No symbol) [0xefd9c6]
	chromedriver!(No symbol) [0xef8e42]
	chromedriver!(No symbol) [0xef8462]
	chromedriver!(No symbol) [0xe6534e]
	chromedriver!(No symbol) [0xe658ee]
	chromedriver!(No symbol) [0xe65dcd]
	chromedriver!GetHandleVerifier [0x13148b9+2785c9]
	chromedriver!GetHandleVerifier [0x130feb5+273bc5]
	chromedriver!GetHandleVerifier [0x132e06b+291d7b]
	chromedriver!GetHandleVerifier [0x10c5cc8+299d8]
	chromedriver!GetHandleVerifier [0x10cd9fd+3170d]
	chromedriver!(No symbol) [0xe64ee9]
	chromedriver!(No symbol) [0xe64530]
	chromedriver!GetHandleVerifier [0x1462e9f+3c6baf]
	KERNEL32!BaseThreadInitThunk [0x76db5d49+19]
	ntdll!RtlInitializeExceptionChain [0x77c3d81b+6b]
	ntdll!RtlGetAppContainerNamedObjectPath [0x77c3d7a1+231]
)
[09:14:00]   [2450/3936] R26BK01435768-000 → 에러(Message: javascript error: Cannot read properties of undefined (reading 'setValue')
  (Session info: chrome=146.0.7680.178)
Stacktrace:
	chromedriver!GetHandleVerifier [0x10acdf3+10b03]
	chromedriver!GetHandleVerifier [0x10acf24+10c34]
	chromedriver!(No symbol) [0xe92120]
	chromedriver!(No symbol) [0xe98d51]
	chromedriver!(No symbol) [0xe9b2bd]
	chromedriver!(No symbol) [0xf1b6f1]
	chromedriver!(No symbol) [0xefdb0c]
	chromedriver!(No symbol) [0xf1a9a5]
	chromedriver!(No symbol) [0xefd8a6]
	chromedriver!(No symbol) [0xed0229]
	chromedriver!(No symbol) [0xed0fe4]
	chromedriver!GetHandleVerifier [0x13148b9+2785c9]
	chromedriver!GetHandleVerifier [0x130feb5+273bc5]
	chromedriver!GetHandleVerifier [0x132e06b+291d7b]
	chromedriver!GetHandleVerifier [0x10c5cc8+299d8]
	chromedriver!GetHandleVerifier [0x10cd9fd+3170d]
	chromedriver!GetHandleVerifier [0x10b58c8+195d8]
	chromedriver!GetHandleVerifier [0x10b5a92+197a2]
	chromedriver!GetHandleVerifier [0x109ee9a+2baa]
	KERNEL32!BaseThreadInitThunk [0x76db5d49+19]
	ntdll!RtlInitializeExceptionChain [0x77c3d81b+6b]
	ntdll!RtlGetAppContainerNamedObjectPath [0x77c3d7a1+231]
)
[09:14:29]   [2451/3936] R26BK01435760-000 → [저장] 2026/04/07 | 기초:175,593,000 | 예정:173,669,875 | 07
[09:14:44]   [2452/3936] R26BK01435743-000 → 스킵(보기버튼없음)
[09:14:53]   [2453/3936] R26BK01435734-001 → 스킵(보기버튼없음)
[09:15:02]   [2454/3936] R26BK01435733-000 → 스킵(보기버튼없음)
[09:15:17]   [2455/3936] R26BK01435729-000 → 스킵(보기버튼없음)
[09:15:26]   [2456/3936] R26BK01435717-000 → 스킵(보기버튼없음)
[09:15:43]   [2457/3936] R26BK01435705-000 → 스킵(보기버튼없음)
[09:15:59]   [2458/3936] R26BK01435692-000 → 스킵(보기버튼없음)
[09:16:14]   [2459/3936] R26BK01435691-000 → 스킵(보기버튼없음)
